{"meta": {"format": 3, "version": "7.13.5", "timestamp": "2026-05-04T21:22:55.002333", "branch_coverage": false, "show_contexts": false}, "files": {"src/vgpu_driver_operator/__init__.py": {"executed_lines": [3], "summary": {"covered_lines": 1, "num_statements": 1, "percent_covered": 100.0, "percent_covered_display": "100", "missing_lines": 0, "excluded_lines": 0, "percent_statements_covered": 100.0, "percent_statements_covered_display": "100"}, "missing_lines": [], "excluded_lines": [], "functions": {"": {"executed_lines": [3], "summary": {"covered_lines": 1, "num_statements": 1, "percent_covered": 100.0, "percent_covered_display": "100", "missing_lines": 0, "excluded_lines": 0, "percent_statements_covered": 100.0, "percent_statements_covered_display": "100"}, "missing_lines": [], "excluded_lines": [], "start_line": 1}}, "classes": {"": {"executed_lines": [3], "summary": {"covered_lines": 1, "num_statements": 1, "percent_covered": 100.0, "percent_covered_display": "100", "missing_lines": 0, "excluded_lines": 0, "percent_statements_covered": 100.0, "percent_statements_covered_display": "100"}, "missing_lines": [], "excluded_lines": [], "start_line": 1}}}, "src/vgpu_driver_operator/__main__.py": {"executed_lines": [], "summary": {"covered_lines": 0, "num_statements": 3, "percent_covered": 0.0, "percent_covered_display": "0", "missing_lines": 3, "excluded_lines": 0, "percent_statements_covered": 0.0, "percent_statements_covered_display": "0"}, "missing_lines": [3, 5, 7], "excluded_lines": [], "functions": {"": {"executed_lines": [], "summary": {"covered_lines": 0, "num_statements": 3, "percent_covered": 0.0, "percent_covered_display": "0", "missing_lines": 3, "excluded_lines": 0, "percent_statements_covered": 0.0, "percent_statements_covered_display": "0"}, "missing_lines": [3, 5, 7], "excluded_lines": [], "start_line": 1}}, "classes": {"": {"executed_lines": [], "summary": {"covered_lines": 0, "num_statements": 3, "percent_covered": 0.0, "percent_covered_display": "0", "missing_lines": 3, "excluded_lines": 0, "percent_statements_covered": 0.0, "percent_statements_covered_display": "0"}, "missing_lines": [3, 5, 7], "excluded_lines": [], "start_line": 1}}}, "src/vgpu_driver_operator/cli.py": {"executed_lines": [12, 14, 15, 18, 23, 27, 30, 36, 40, 50, 53, 54, 56, 57, 63, 66, 67, 69, 70, 73, 75, 77, 79, 80, 82, 84, 86, 88], "summary": {"covered_lines": 28, "num_statements": 30, "percent_covered": 93.33333333333333, "percent_covered_display": "93", "missing_lines": 2, "excluded_lines": 0, "percent_statements_covered": 93.33333333333333, "percent_statements_covered_display": "93"}, "missing_lines": [59, 60], "excluded_lines": [], "functions": {"main": {"executed_lines": [23, 27, 30, 36, 40, 50, 53, 54, 56, 57], "summary": {"covered_lines": 10, "num_statements": 12, "percent_covered": 83.33333333333333, "percent_covered_display": "83", "missing_lines": 2, "excluded_lines": 0, "percent_statements_covered": 83.33333333333333, "percent_statements_covered_display": "83"}, "missing_lines": [59, 60], "excluded_lines": [], "start_line": 18}, "_run_controller": {"executed_lines": [66, 67, 69, 70], "summary": {"covered_lines": 4, "num_statements": 4, "percent_covered": 100.0, "percent_covered_display": "100", "missing_lines": 0, "excluded_lines": 0, "percent_statements_covered": 100.0, "percent_statements_covered_display": "100"}, "missing_lines": [], "excluded_lines": [], "start_line": 63}, "_run_poll_flatcar": {"executed_lines": [75, 77, 79, 80, 82, 84, 86, 88], "summary": {"covered_lines": 8, "num_statements": 8, "percent_covered": 100.0, "percent_covered_display": "100", "missing_lines": 0, "excluded_lines": 0, "percent_statements_covered": 100.0, "percent_statements_covered_display": "100"}, "missing_lines": [], "excluded_lines": [], "start_line": 73}, "": {"executed_lines": [12, 14, 15, 18, 63, 73], "summary": {"covered_lines": 6, "num_statements": 6, "percent_covered": 100.0, "percent_covered_display": "100", "missing_lines": 0, "excluded_lines": 0, "percent_statements_covered": 100.0, "percent_statements_covered_display": "100"}, "missing_lines": [], "excluded_lines": [], "start_line": 1}}, "classes": {"": {"executed_lines": [12, 14, 15, 18, 23, 27, 30, 36, 40, 50, 53, 54, 56, 57, 63, 66, 67, 69, 70, 73, 75, 77, 79, 80, 82, 84, 86, 88], "summary": {"covered_lines": 28, "num_statements": 30, "percent_covered": 93.33333333333333, "percent_covered_display": "93", "missing_lines": 2, "excluded_lines": 0, "percent_statements_covered": 93.33333333333333, "percent_statements_covered_display": "93"}, "missing_lines": [59, 60], "excluded_lines": [], "start_line": 1}}}, "src/vgpu_driver_operator/crd.py": {"executed_lines": [7, 9, 10, 12, 14, 15, 16, 18, 19, 22, 30, 31, 32, 33, 34, 35, 36, 37, 38, 39, 40, 43, 45, 46, 49, 58, 59, 68, 77, 78, 79, 82, 92, 96, 97, 98, 99, 100, 101, 102, 103, 106, 108, 109], "summary": {"covered_lines": 44, "num_statements": 44, "percent_covered": 100.0, "percent_covered_display": "100", "missing_lines": 0, "excluded_lines": 0, "percent_statements_covered": 100.0, "percent_statements_covered_display": "100"}, "missing_lines": [], "excluded_lines": [], "functions": {"operator_namespace": {"executed_lines": [30, 31, 32, 33, 34, 35, 36, 37, 38, 39, 40], "summary": {"covered_lines": 11, "num_statements": 11, "percent_covered": 100.0, "percent_covered_display": "100", "missing_lines": 0, "excluded_lines": 0, "percent_statements_covered": 100.0, "percent_statements_covered_display": "100"}, "missing_lines": [], "excluded_lines": [], "start_line": 22}, "list_vgpu_driver_images": {"executed_lines": [45, 46], "summary": {"covered_lines": 2, "num_statements": 2, "percent_covered": 100.0, "percent_covered_display": "100", "missing_lines": 0, "excluded_lines": 0, "percent_statements_covered": 100.0, "percent_statements_covered_display": "100"}, "missing_lines": [], "excluded_lines": [], "start_line": 43}, "patch_status": {"executed_lines": [58, 59], "summary": {"covered_lines": 2, "num_statements": 2, "percent_covered": 100.0, "percent_covered_display": "100", "missing_lines": 0, "excluded_lines": 0, "percent_statements_covered": 100.0, "percent_statements_covered_display": "100"}, "missing_lines": [], "excluded_lines": [], "start_line": 49}, "get_secret": {"executed_lines": [77, 78, 79], "summary": {"covered_lines": 3, "num_statements": 3, "percent_covered": 100.0, "percent_covered_display": "100", "missing_lines": 0, "excluded_lines": 0, "percent_statements_covered": 100.0, "percent_statements_covered_display": "100"}, "missing_lines": [], "excluded_lines": [], "start_line": 68}, "list_owned_jobs": {"executed_lines": [92, 96, 97, 98, 99, 100, 101, 102, 103], "summary": {"covered_lines": 9, "num_statements": 9, "percent_covered": 100.0, "percent_covered_display": "100", "missing_lines": 0, "excluded_lines": 0, "percent_statements_covered": 100.0, "percent_statements_covered_display": "100"}, "missing_lines": [], "excluded_lines": [], "start_line": 82}, "make_owner_reference": {"executed_lines": [108, 109], "summary": {"covered_lines": 2, "num_statements": 2, "percent_covered": 100.0, "percent_covered_display": "100", "missing_lines": 0, "excluded_lines": 0, "percent_statements_covered": 100.0, "percent_statements_covered_display": "100"}, "missing_lines": [], "excluded_lines": [], "start_line": 106}, "": {"executed_lines": [7, 9, 10, 12, 14, 15, 16, 18, 19, 22, 43, 49, 68, 82, 106], "summary": {"covered_lines": 15, "num_statements": 15, "percent_covered": 100.0, "percent_covered_display": "100", "missing_lines": 0, "excluded_lines": 0, "percent_statements_covered": 100.0, "percent_statements_covered_display": "100"}, "missing_lines": [], "excluded_lines": [], "start_line": 1}}, "classes": {"": {"executed_lines": [7, 9, 10, 12, 14, 15, 16, 18, 19, 22, 30, 31, 32, 33, 34, 35, 36, 37, 38, 39, 40, 43, 45, 46, 49, 58, 59, 68, 77, 78, 79, 82, 92, 96, 97, 98, 99, 100, 101, 102, 103, 106, 108, 109], "summary": {"covered_lines": 44, "num_statements": 44, "percent_covered": 100.0, "percent_covered_display": "100", "missing_lines": 0, "excluded_lines": 0, "percent_statements_covered": 100.0, "percent_statements_covered_display": "100"}, "missing_lines": [], "excluded_lines": [], "start_line": 1}}}, "src/vgpu_driver_operator/flatcar.py": {"executed_lines": [3, 5, 7, 10, 16, 21, 22, 25, 31, 32, 33, 34, 37, 46, 47, 48, 49, 51, 54, 57, 66, 67, 68, 69, 71, 74, 77, 104, 105, 108, 125, 129, 137, 142, 143, 144, 146, 147, 148, 149, 151, 152, 153, 154, 155, 156, 157], "summary": {"covered_lines": 47, "num_statements": 47, "percent_covered": 100.0, "percent_covered_display": "100", "missing_lines": 0, "excluded_lines": 0, "percent_statements_covered": 100.0, "percent_statements_covered_display": "100"}, "missing_lines": [], "excluded_lines": [], "functions": {"parse_flatcar_version_from_os_image": {"executed_lines": [31, 32, 33, 34], "summary": {"covered_lines": 4, "num_statements": 4, "percent_covered": 100.0, "percent_covered_display": "100", "missing_lines": 0, "excluded_lines": 0, "percent_statements_covered": 100.0, "percent_statements_covered_display": "100"}, "missing_lines": [], "excluded_lines": [], "start_line": 25}, "flatcar_version_from_node": {"executed_lines": [46, 47, 48, 49, 51, 54], "summary": {"covered_lines": 6, "num_statements": 6, "percent_covered": 100.0, "percent_covered_display": "100", "missing_lines": 0, "excluded_lines": 0, "percent_statements_covered": 100.0, "percent_statements_covered_display": "100"}, "missing_lines": [], "excluded_lines": [], "start_line": 37}, "kernel_version_from_node": {"executed_lines": [66, 67, 68, 69, 71, 74], "summary": {"covered_lines": 6, "num_statements": 6, "percent_covered": 100.0, "percent_covered_display": "100", "missing_lines": 0, "excluded_lines": 0, "percent_statements_covered": 100.0, "percent_statements_covered_display": "100"}, "missing_lines": [], "excluded_lines": [], "start_line": 57}, "latest_release": {"executed_lines": [104, 105], "summary": {"covered_lines": 2, "num_statements": 2, "percent_covered": 100.0, "percent_covered_display": "100", "missing_lines": 0, "excluded_lines": 0, "percent_statements_covered": 100.0, "percent_statements_covered_display": "100"}, "missing_lines": [], "excluded_lines": [], "start_line": 77}, "kernel_for_release": {"executed_lines": [125, 129], "summary": {"covered_lines": 2, "num_statements": 2, "percent_covered": 100.0, "percent_covered_display": "100", "missing_lines": 0, "excluded_lines": 0, "percent_statements_covered": 100.0, "percent_statements_covered_display": "100"}, "missing_lines": [], "excluded_lines": [], "start_line": 108}, "_fetch_version_key": {"executed_lines": [142, 143, 144, 146, 147, 148, 149, 151, 152, 153, 154, 155, 156, 157], "summary": {"covered_lines": 14, "num_statements": 14, "percent_covered": 100.0, "percent_covered_display": "100", "missing_lines": 0, "excluded_lines": 0, "percent_statements_covered": 100.0, "percent_statements_covered_display": "100"}, "missing_lines": [], "excluded_lines": [], "start_line": 137}, "": {"executed_lines": [3, 5, 7, 10, 16, 21, 22, 25, 37, 57, 77, 108, 137], "summary": {"covered_lines": 13, "num_statements": 13, "percent_covered": 100.0, "percent_covered_display": "100", "missing_lines": 0, "excluded_lines": 0, "percent_statements_covered": 100.0, "percent_statements_covered_display": "100"}, "missing_lines": [], "excluded_lines": [], "start_line": 1}}, "classes": {"FlatcarFeedError": {"executed_lines": [], "summary": {"covered_lines": 0, "num_statements": 0, "percent_covered": 100.0, "percent_covered_display": "100", "missing_lines": 0, "excluded_lines": 0, "percent_statements_covered": 100.0, "percent_statements_covered_display": "100"}, "missing_lines": [], "excluded_lines": [], "start_line": 10}, "": {"executed_lines": [3, 5, 7, 10, 16, 21, 22, 25, 31, 32, 33, 34, 37, 46, 47, 48, 49, 51, 54, 57, 66, 67, 68, 69, 71, 74, 77, 104, 105, 108, 125, 129, 137, 142, 143, 144, 146, 147, 148, 149, 151, 152, 153, 154, 155, 156, 157], "summary": {"covered_lines": 47, "num_statements": 47, "percent_covered": 100.0, "percent_covered_display": "100", "missing_lines": 0, "excluded_lines": 0, "percent_statements_covered": 100.0, "percent_statements_covered_display": "100"}, "missing_lines": [], "excluded_lines": [], "start_line": 1}}}, "src/vgpu_driver_operator/gc.py": {"executed_lines": [7, 9, 10, 11, 13, 14, 17, 25, 38, 39, 40, 41, 42, 43, 44, 45, 46, 47, 48, 49, 50, 51, 60, 94, 95, 96, 97, 99, 100, 101, 102, 105, 110, 117, 118, 125, 126, 127, 128, 129, 130, 131, 132, 133, 134, 135, 136, 137, 138, 140, 148, 150, 152, 153, 156, 157, 159, 160, 161, 164, 165, 166, 168, 177, 178, 180, 181, 182, 183, 190, 191, 192, 197, 198, 199, 200, 203, 205], "summary": {"covered_lines": 78, "num_statements": 81, "percent_covered": 96.29629629629629, "percent_covered_display": "96", "missing_lines": 3, "excluded_lines": 1, "percent_statements_covered": 96.29629629629629, "percent_statements_covered_display": "96"}, "missing_lines": [154, 158, 179], "excluded_lines": [52], "functions": {"parse_duration": {"executed_lines": [38, 39, 40, 41, 42, 43, 44, 45, 46, 47, 48, 49, 50, 51], "summary": {"covered_lines": 14, "num_statements": 14, "percent_covered": 100.0, "percent_covered_display": "100", "missing_lines": 0, "excluded_lines": 1, "percent_statements_covered": 100.0, "percent_statements_covered_display": "100"}, "missing_lines": [], "excluded_lines": [52], "start_line": 25}, "run": {"executed_lines": [94, 95, 96, 97, 99, 100, 101, 102, 105, 110, 117, 118, 125, 126, 127, 128, 129, 130, 131, 132, 133, 134, 135, 136, 137, 138, 140, 148, 150, 152, 153, 156, 157, 159, 160, 161, 164, 165, 166, 168, 177, 178, 180, 181, 182, 183, 190, 191, 192, 197, 198, 199, 200, 203, 205], "summary": {"covered_lines": 55, "num_statements": 58, "percent_covered": 94.82758620689656, "percent_covered_display": "95", "missing_lines": 3, "excluded_lines": 0, "percent_statements_covered": 94.82758620689656, "percent_statements_covered_display": "95"}, "missing_lines": [154, 158, 179], "excluded_lines": [], "start_line": 60}, "": {"executed_lines": [7, 9, 10, 11, 13, 14, 17, 25, 60], "summary": {"covered_lines": 9, "num_statements": 9, "percent_covered": 100.0, "percent_covered_display": "100", "missing_lines": 0, "excluded_lines": 0, "percent_statements_covered": 100.0, "percent_statements_covered_display": "100"}, "missing_lines": [], "excluded_lines": [], "start_line": 1}}, "classes": {"": {"executed_lines": [7, 9, 10, 11, 13, 14, 17, 25, 38, 39, 40, 41, 42, 43, 44, 45, 46, 47, 48, 49, 50, 51, 60, 94, 95, 96, 97, 99, 100, 101, 102, 105, 110, 117, 118, 125, 126, 127, 128, 129, 130, 131, 132, 133, 134, 135, 136, 137, 138, 140, 148, 150, 152, 153, 156, 157, 159, 160, 161, 164, 165, 166, 168, 177, 178, 180, 181, 182, 183, 190, 191, 192, 197, 198, 199, 200, 203, 205], "summary": {"covered_lines": 78, "num_statements": 81, "percent_covered": 96.29629629629629, "percent_covered_display": "96", "missing_lines": 3, "excluded_lines": 1, "percent_statements_covered": 96.29629629629629, "percent_statements_covered_display": "96"}, "missing_lines": [154, 158, 179], "excluded_lines": [52], "start_line": 1}}}, "src/vgpu_driver_operator/job_factory.py": {"executed_lines": [3, 5, 6, 7, 9, 11, 12, 15, 16, 24, 35, 36, 37, 38, 40, 41, 42, 43, 44, 46, 47, 49, 50, 51, 52, 55, 102, 103, 104, 106, 109, 110, 117, 118, 121, 122, 123, 124, 125, 126, 128, 129, 130, 131, 132, 134, 137, 138, 139, 140, 146, 152, 153, 154, 157, 158, 163, 164, 167, 173, 174, 175, 192, 204, 207, 216, 229, 230, 235, 246, 247, 260, 266, 267, 270, 309, 319, 361, 362, 364, 367, 375, 377, 380, 382, 385, 393, 398, 405, 406, 407, 408, 409, 410], "summary": {"covered_lines": 94, "num_statements": 96, "percent_covered": 97.91666666666667, "percent_covered_display": "98", "missing_lines": 2, "excluded_lines": 0, "percent_statements_covered": 97.91666666666667, "percent_statements_covered_display": "98"}, "missing_lines": [363, 365], "excluded_lines": [], "functions": {"build_job_name": {"executed_lines": [35, 36, 37, 38, 40, 41, 42, 43, 44, 46, 47, 49, 50, 51, 52], "summary": {"covered_lines": 15, "num_statements": 15, "percent_covered": 100.0, "percent_covered_display": "100", "missing_lines": 0, "excluded_lines": 0, "percent_statements_covered": 100.0, "percent_statements_covered_display": "100"}, "missing_lines": [], "excluded_lines": [], "start_line": 24}, "build_job_manifest": {"executed_lines": [102, 103, 104, 106, 109, 110, 117, 118, 121, 122, 123, 124, 125, 126, 128, 129, 130, 131, 132, 134, 137, 138, 139, 140, 146, 152, 153, 154, 157, 158, 163, 164, 167, 173, 174, 175, 192, 204, 207, 216, 229, 230, 235, 246, 247, 260, 266, 267, 270, 309, 319, 361, 362, 364, 367], "summary": {"covered_lines": 55, "num_statements": 57, "percent_covered": 96.49122807017544, "percent_covered_display": "96", "missing_lines": 2, "excluded_lines": 0, "percent_statements_covered": 96.49122807017544, "percent_statements_covered_display": "96"}, "missing_lines": [363, 365], "excluded_lines": [], "start_line": 55}, "_sanitize": {"executed_lines": [377], "summary": {"covered_lines": 1, "num_statements": 1, "percent_covered": 100.0, "percent_covered_display": "100", "missing_lines": 0, "excluded_lines": 0, "percent_statements_covered": 100.0, "percent_statements_covered_display": "100"}, "missing_lines": [], "excluded_lines": [], "start_line": 375}, "_truncate_label": {"executed_lines": [382], "summary": {"covered_lines": 1, "num_statements": 1, "percent_covered": 100.0, "percent_covered_display": "100", "missing_lines": 0, "excluded_lines": 0, "percent_statements_covered": 100.0, "percent_statements_covered_display": "100"}, "missing_lines": [], "excluded_lines": [], "start_line": 380}, "_build_buildctl_command": {"executed_lines": [393, 398, 405, 406, 407, 408, 409, 410], "summary": {"covered_lines": 8, "num_statements": 8, "percent_covered": 100.0, "percent_covered_display": "100", "missing_lines": 0, "excluded_lines": 0, "percent_statements_covered": 100.0, "percent_statements_covered_display": "100"}, "missing_lines": [], "excluded_lines": [], "start_line": 385}, "": {"executed_lines": [3, 5, 6, 7, 9, 11, 12, 15, 16, 24, 55, 375, 380, 385], "summary": {"covered_lines": 14, "num_statements": 14, "percent_covered": 100.0, "percent_covered_display": "100", "missing_lines": 0, "excluded_lines": 0, "percent_statements_covered": 100.0, "percent_statements_covered_display": "100"}, "missing_lines": [], "excluded_lines": [], "start_line": 1}}, "classes": {"": {"executed_lines": [3, 5, 6, 7, 9, 11, 12, 15, 16, 24, 35, 36, 37, 38, 40, 41, 42, 43, 44, 46, 47, 49, 50, 51, 52, 55, 102, 103, 104, 106, 109, 110, 117, 118, 121, 122, 123, 124, 125, 126, 128, 129, 130, 131, 132, 134, 137, 138, 139, 140, 146, 152, 153, 154, 157, 158, 163, 164, 167, 173, 174, 175, 192, 204, 207, 216, 229, 230, 235, 246, 247, 260, 266, 267, 270, 309, 319, 361, 362, 364, 367, 375, 377, 380, 382, 385, 393, 398, 405, 406, 407, 408, 409, 410], "summary": {"covered_lines": 94, "num_statements": 96, "percent_covered": 97.91666666666667, "percent_covered_display": "98", "missing_lines": 2, "excluded_lines": 0, "percent_statements_covered": 97.91666666666667, "percent_statements_covered_display": "98"}, "missing_lines": [363, 365], "excluded_lines": [], "start_line": 1}}}, "src/vgpu_driver_operator/main.py": {"executed_lines": [12, 14, 15, 16, 17, 19, 20, 22, 23, 24, 25, 26, 27, 29, 30, 31, 33, 36, 37, 45, 46, 56, 57, 58, 77, 78, 111, 151, 152, 246, 247, 265, 550], "summary": {"covered_lines": 33, "num_statements": 288, "percent_covered": 11.458333333333334, "percent_covered_display": "11", "missing_lines": 255, "excluded_lines": 0, "percent_statements_covered": 11.458333333333334, "percent_statements_covered_display": "11"}, "missing_lines": [47, 48, 69, 85, 86, 87, 88, 90, 92, 93, 97, 99, 100, 101, 102, 104, 105, 107, 108, 113, 114, 115, 116, 117, 118, 119, 121, 122, 123, 124, 125, 126, 127, 140, 141, 154, 155, 156, 158, 159, 160, 162, 163, 164, 165, 167, 168, 169, 170, 171, 172, 174, 176, 177, 178, 180, 181, 184, 185, 186, 187, 188, 189, 190, 192, 193, 194, 195, 197, 198, 199, 202, 203, 204, 205, 209, 210, 211, 212, 213, 214, 215, 219, 221, 222, 232, 233, 234, 235, 238, 257, 275, 276, 277, 278, 280, 281, 282, 285, 286, 288, 289, 290, 291, 292, 293, 294, 296, 297, 298, 299, 300, 301, 302, 305, 306, 307, 308, 309, 310, 311, 312, 317, 318, 325, 326, 327, 332, 333, 334, 336, 337, 338, 339, 340, 341, 344, 345, 346, 347, 348, 350, 351, 352, 353, 354, 355, 356, 359, 360, 361, 362, 363, 364, 366, 367, 368, 369, 370, 371, 372, 373, 375, 376, 377, 378, 381, 382, 383, 384, 385, 386, 387, 388, 389, 391, 393, 394, 398, 402, 403, 405, 406, 407, 408, 411, 414, 417, 418, 419, 420, 422, 423, 435, 436, 437, 438, 439, 440, 441, 443, 446, 447, 450, 451, 452, 453, 454, 456, 457, 458, 459, 460, 461, 462, 463, 465, 467, 468, 476, 477, 478, 479, 480, 483, 484, 496, 503, 504, 507, 508, 510, 511, 512, 513, 514, 516, 517, 525, 526, 527, 530, 533, 538, 539, 540, 541, 542, 552, 553, 554, 555, 556, 557, 558], "excluded_lines": [], "functions": {"configure": {"executed_lines": [], "summary": {"covered_lines": 0, "num_statements": 2, "percent_covered": 0.0, "percent_covered_display": "0", "missing_lines": 2, "excluded_lines": 0, "percent_statements_covered": 0.0, "percent_statements_covered_display": "0"}, "missing_lines": [47, 48], "excluded_lines": [], "start_line": 46}, "reconcile": {"executed_lines": [], "summary": {"covered_lines": 0, "num_statements": 1, "percent_covered": 0.0, "percent_covered_display": "0", "missing_lines": 1, "excluded_lines": 0, "percent_statements_covered": 0.0, "percent_statements_covered_display": "0"}, "missing_lines": [69], "excluded_lines": [], "start_line": 58}, "on_node_event": {"executed_lines": [], "summary": {"covered_lines": 0, "num_statements": 11, "percent_covered": 0.0, "percent_covered_display": "0", "missing_lines": 11, "excluded_lines": 0, "percent_statements_covered": 0.0, "percent_statements_covered_display": "0"}, "missing_lines": [85, 86, 87, 88, 90, 92, 93, 97, 99, 107, 108], "excluded_lines": [], "start_line": 78}, "on_node_event._debounced": {"executed_lines": [], "summary": {"covered_lines": 0, "num_statements": 5, "percent_covered": 0.0, "percent_covered_display": "0", "missing_lines": 5, "excluded_lines": 0, "percent_statements_covered": 0.0, "percent_statements_covered_display": "0"}, "missing_lines": [100, 101, 102, 104, 105], "excluded_lines": [], "start_line": 99}, "_touch_all_vgpu_driver_images": {"executed_lines": [], "summary": {"covered_lines": 0, "num_statements": 16, "percent_covered": 0.0, "percent_covered_display": "0", "missing_lines": 16, "excluded_lines": 0, "percent_statements_covered": 0.0, "percent_statements_covered_display": "0"}, "missing_lines": [113, 114, 115, 116, 117, 118, 119, 121, 122, 123, 124, 125, 126, 127, 140, 141], "excluded_lines": [], "start_line": 111}, "on_job_event": {"executed_lines": [], "summary": {"covered_lines": 0, "num_statements": 55, "percent_covered": 0.0, "percent_covered_display": "0", "missing_lines": 55, "excluded_lines": 0, "percent_statements_covered": 0.0, "percent_statements_covered_display": "0"}, "missing_lines": [154, 155, 156, 158, 159, 160, 162, 163, 164, 165, 167, 168, 169, 170, 171, 172, 174, 176, 177, 178, 180, 181, 184, 185, 186, 187, 188, 189, 190, 192, 193, 194, 195, 197, 198, 199, 202, 203, 204, 205, 209, 210, 211, 212, 213, 214, 215, 219, 221, 222, 232, 233, 234, 235, 238], "excluded_lines": [], "start_line": 152}, "periodic": {"executed_lines": [], "summary": {"covered_lines": 0, "num_statements": 1, "percent_covered": 0.0, "percent_covered_display": "0", "missing_lines": 1, "excluded_lines": 0, "percent_statements_covered": 0.0, "percent_statements_covered_display": "0"}, "missing_lines": [257], "excluded_lines": [], "start_line": 247}, "_do_reconcile": {"executed_lines": [], "summary": {"covered_lines": 0, "num_statements": 153, "percent_covered": 0.0, "percent_covered_display": "0", "missing_lines": 153, "excluded_lines": 0, "percent_statements_covered": 0.0, "percent_statements_covered_display": "0"}, "missing_lines": [275, 276, 277, 278, 280, 281, 282, 285, 286, 288, 289, 290, 291, 292, 293, 294, 296, 297, 298, 299, 300, 301, 302, 305, 306, 307, 308, 309, 310, 311, 312, 317, 318, 325, 326, 327, 332, 333, 334, 336, 337, 338, 339, 340, 341, 344, 345, 346, 347, 348, 350, 351, 352, 353, 354, 355, 356, 359, 360, 361, 362, 363, 364, 366, 367, 368, 369, 370, 371, 372, 373, 375, 376, 377, 378, 381, 382, 383, 384, 385, 386, 387, 388, 389, 391, 393, 394, 398, 402, 403, 405, 406, 407, 408, 411, 414, 417, 418, 419, 420, 422, 423, 435, 436, 437, 438, 439, 440, 441, 443, 446, 447, 450, 451, 452, 453, 454, 456, 457, 458, 459, 460, 461, 462, 463, 465, 467, 468, 476, 477, 478, 479, 480, 483, 484, 496, 503, 504, 507, 508, 510, 516, 517, 525, 526, 527, 530, 533, 538, 539, 540, 541, 542], "excluded_lines": [], "start_line": 265}, "_do_reconcile._emit": {"executed_lines": [], "summary": {"covered_lines": 0, "num_statements": 4, "percent_covered": 0.0, "percent_covered_display": "0", "missing_lines": 4, "excluded_lines": 0, "percent_statements_covered": 0.0, "percent_statements_covered_display": "0"}, "missing_lines": [511, 512, 513, 514], "excluded_lines": [], "start_line": 510}, "_load_k8s_config": {"executed_lines": [], "summary": {"covered_lines": 0, "num_statements": 7, "percent_covered": 0.0, "percent_covered_display": "0", "missing_lines": 7, "excluded_lines": 0, "percent_statements_covered": 0.0, "percent_statements_covered_display": "0"}, "missing_lines": [552, 553, 554, 555, 556, 557, 558], "excluded_lines": [], "start_line": 550}, "": {"executed_lines": [12, 14, 15, 16, 17, 19, 20, 22, 23, 24, 25, 26, 27, 29, 30, 31, 33, 36, 37, 45, 46, 56, 57, 58, 77, 78, 111, 151, 152, 246, 247, 265, 550], "summary": {"covered_lines": 33, "num_statements": 33, "percent_covered": 100.0, "percent_covered_display": "100", "missing_lines": 0, "excluded_lines": 0, "percent_statements_covered": 100.0, "percent_statements_covered_display": "100"}, "missing_lines": [], "excluded_lines": [], "start_line": 1}}, "classes": {"": {"executed_lines": [12, 14, 15, 16, 17, 19, 20, 22, 23, 24, 25, 26, 27, 29, 30, 31, 33, 36, 37, 45, 46, 56, 57, 58, 77, 78, 111, 151, 152, 246, 247, 265, 550], "summary": {"covered_lines": 33, "num_statements": 288, "percent_covered": 11.458333333333334, "percent_covered_display": "11", "missing_lines": 255, "excluded_lines": 0, "percent_statements_covered": 11.458333333333334, "percent_statements_covered_display": "11"}, "missing_lines": [47, 48, 69, 85, 86, 87, 88, 90, 92, 93, 97, 99, 100, 101, 102, 104, 105, 107, 108, 113, 114, 115, 116, 117, 118, 119, 121, 122, 123, 124, 125, 126, 127, 140, 141, 154, 155, 156, 158, 159, 160, 162, 163, 164, 165, 167, 168, 169, 170, 171, 172, 174, 176, 177, 178, 180, 181, 184, 185, 186, 187, 188, 189, 190, 192, 193, 194, 195, 197, 198, 199, 202, 203, 204, 205, 209, 210, 211, 212, 213, 214, 215, 219, 221, 222, 232, 233, 234, 235, 238, 257, 275, 276, 277, 278, 280, 281, 282, 285, 286, 288, 289, 290, 291, 292, 293, 294, 296, 297, 298, 299, 300, 301, 302, 305, 306, 307, 308, 309, 310, 311, 312, 317, 318, 325, 326, 327, 332, 333, 334, 336, 337, 338, 339, 340, 341, 344, 345, 346, 347, 348, 350, 351, 352, 353, 354, 355, 356, 359, 360, 361, 362, 363, 364, 366, 367, 368, 369, 370, 371, 372, 373, 375, 376, 377, 378, 381, 382, 383, 384, 385, 386, 387, 388, 389, 391, 393, 394, 398, 402, 403, 405, 406, 407, 408, 411, 414, 417, 418, 419, 420, 422, 423, 435, 436, 437, 438, 439, 440, 441, 443, 446, 447, 450, 451, 452, 453, 454, 456, 457, 458, 459, 460, 461, 462, 463, 465, 467, 468, 476, 477, 478, 479, 480, 483, 484, 496, 503, 504, 507, 508, 510, 511, 512, 513, 514, 516, 517, 525, 526, 527, 530, 533, 538, 539, 540, 541, 542, 552, 553, 554, 555, 556, 557, 558], "excluded_lines": [], "start_line": 1}}}, "src/vgpu_driver_operator/poller.py": {"executed_lines": [8, 10, 11, 12, 14, 16, 17, 18, 20, 27, 50, 51, 52, 54, 55, 56, 57, 58, 60, 62, 63, 64, 65, 66, 67, 69, 70, 71, 73, 75, 76, 77, 78, 79, 80, 81, 84, 85, 87, 91, 100, 104, 107, 109, 110, 111, 112, 113, 114, 116, 124, 133, 134, 135, 136, 139], "summary": {"covered_lines": 56, "num_statements": 64, "percent_covered": 87.5, "percent_covered_display": "88", "missing_lines": 8, "excluded_lines": 0, "percent_statements_covered": 87.5, "percent_statements_covered_display": "88"}, "missing_lines": [101, 141, 142, 143, 144, 145, 146, 147], "excluded_lines": [], "functions": {"run_once": {"executed_lines": [50, 51, 52, 54, 55, 56, 57, 58, 60, 62, 63, 64, 65, 66, 67, 69, 70, 71, 73, 75, 76, 77, 78, 79, 80, 81, 84, 85, 87, 91, 100, 104, 107, 109, 110, 111, 112, 113, 114, 116], "summary": {"covered_lines": 40, "num_statements": 41, "percent_covered": 97.5609756097561, "percent_covered_display": "98", "missing_lines": 1, "excluded_lines": 0, "percent_statements_covered": 97.5609756097561, "percent_statements_covered_display": "98"}, "missing_lines": [101], "excluded_lines": [], "start_line": 27}, "_merge_channel_entries": {"executed_lines": [133, 134, 135, 136], "summary": {"covered_lines": 4, "num_statements": 4, "percent_covered": 100.0, "percent_covered_display": "100", "missing_lines": 0, "excluded_lines": 0, "percent_statements_covered": 100.0, "percent_statements_covered_display": "100"}, "missing_lines": [], "excluded_lines": [], "start_line": 124}, "_configure_k8s": {"executed_lines": [], "summary": {"covered_lines": 0, "num_statements": 7, "percent_covered": 0.0, "percent_covered_display": "0", "missing_lines": 7, "excluded_lines": 0, "percent_statements_covered": 0.0, "percent_statements_covered_display": "0"}, "missing_lines": [141, 142, 143, 144, 145, 146, 147], "excluded_lines": [], "start_line": 139}, "": {"executed_lines": [8, 10, 11, 12, 14, 16, 17, 18, 20, 27, 124, 139], "summary": {"covered_lines": 12, "num_statements": 12, "percent_covered": 100.0, "percent_covered_display": "100", "missing_lines": 0, "excluded_lines": 0, "percent_statements_covered": 100.0, "percent_statements_covered_display": "100"}, "missing_lines": [], "excluded_lines": [], "start_line": 1}}, "classes": {"": {"executed_lines": [8, 10, 11, 12, 14, 16, 17, 18, 20, 27, 50, 51, 52, 54, 55, 56, 57, 58, 60, 62, 63, 64, 65, 66, 67, 69, 70, 71, 73, 75, 76, 77, 78, 79, 80, 81, 84, 85, 87, 91, 100, 104, 107, 109, 110, 111, 112, 113, 114, 116, 124, 133, 134, 135, 136, 139], "summary": {"covered_lines": 56, "num_statements": 64, "percent_covered": 87.5, "percent_covered_display": "88", "missing_lines": 8, "excluded_lines": 0, "percent_statements_covered": 87.5, "percent_statements_covered_display": "88"}, "missing_lines": [101, 141, 142, 143, 144, 145, 146, 147], "excluded_lines": [], "start_line": 1}}}, "src/vgpu_driver_operator/reconciler.py": {"executed_lines": [3, 5, 6, 7, 8, 20, 21, 23, 24, 40, 41, 44, 45, 46, 60, 72, 74, 77, 79, 80, 81, 84, 90, 91, 92, 93, 94, 95, 96, 98, 101, 106, 107, 108, 109, 110, 111, 117, 118, 120, 121, 122, 123, 125, 133, 155, 157, 158, 159, 160, 161, 164, 165, 166, 167, 175, 185, 186, 189, 190, 191, 192, 193, 195, 196, 197, 198, 199, 207, 233, 235, 236, 239, 243, 248, 249, 251, 259, 290, 292, 293, 294, 295, 297, 298, 299, 300, 301, 302, 303, 304], "summary": {"covered_lines": 91, "num_statements": 95, "percent_covered": 95.78947368421052, "percent_covered_display": "96", "missing_lines": 4, "excluded_lines": 8, "percent_statements_covered": 95.78947368421052, "percent_statements_covered_display": "96"}, "missing_lines": [97, 119, 124, 296], "excluded_lines": [10, 11, 26, 28, 29, 30, 31, 32], "functions": {"_ver": {"executed_lines": [24], "summary": {"covered_lines": 1, "num_statements": 1, "percent_covered": 100.0, "percent_covered_display": "100", "missing_lines": 0, "excluded_lines": 0, "percent_statements_covered": 100.0, "percent_statements_covered_display": "100"}, "missing_lines": [], "excluded_lines": [], "start_line": 23}, "runtime_tag": {"executed_lines": [74], "summary": {"covered_lines": 1, "num_statements": 1, "percent_covered": 100.0, "percent_covered_display": "100", "missing_lines": 0, "excluded_lines": 0, "percent_statements_covered": 100.0, "percent_statements_covered_display": "100"}, "missing_lines": [], "excluded_lines": [], "start_line": 72}, "precompile_tag": {"executed_lines": [79, 80, 81], "summary": {"covered_lines": 3, "num_statements": 3, "percent_covered": 100.0, "percent_covered_display": "100", "missing_lines": 0, "excluded_lines": 0, "percent_statements_covered": 100.0, "percent_statements_covered_display": "100"}, "missing_lines": [], "excluded_lines": [], "start_line": 77}, "parse_runtime_tag": {"executed_lines": [90, 91, 92, 93, 94, 95, 96, 98], "summary": {"covered_lines": 8, "num_statements": 9, "percent_covered": 88.88888888888889, "percent_covered_display": "89", "missing_lines": 1, "excluded_lines": 0, "percent_statements_covered": 88.88888888888889, "percent_statements_covered_display": "89"}, "missing_lines": [97], "excluded_lines": [], "start_line": 84}, "parse_precompile_tag": {"executed_lines": [106, 107, 108, 109, 110, 111, 117, 118, 120, 121, 122, 123, 125], "summary": {"covered_lines": 13, "num_statements": 15, "percent_covered": 86.66666666666667, "percent_covered_display": "87", "missing_lines": 2, "excluded_lines": 0, "percent_statements_covered": 86.66666666666667, "percent_statements_covered_display": "87"}, "missing_lines": [119, 124], "excluded_lines": [], "start_line": 101}, "compute_desired": {"executed_lines": [155, 157, 158, 159, 160, 161, 164, 165, 166, 167], "summary": {"covered_lines": 10, "num_statements": 10, "percent_covered": 100.0, "percent_covered_display": "100", "missing_lines": 0, "excluded_lines": 0, "percent_statements_covered": 100.0, "percent_statements_covered_display": "100"}, "missing_lines": [], "excluded_lines": [], "start_line": 133}, "compute_missing": {"executed_lines": [185, 186, 189, 190, 191, 192, 193, 195, 196, 197, 198, 199], "summary": {"covered_lines": 12, "num_statements": 12, "percent_covered": 100.0, "percent_covered_display": "100", "missing_lines": 0, "excluded_lines": 0, "percent_statements_covered": 100.0, "percent_statements_covered_display": "100"}, "missing_lines": [], "excluded_lines": [], "start_line": 175}, "compute_retained_flatcar_set": {"executed_lines": [233, 235, 236, 239, 243, 248, 249, 251], "summary": {"covered_lines": 8, "num_statements": 8, "percent_covered": 100.0, "percent_covered_display": "100", "missing_lines": 0, "excluded_lines": 0, "percent_statements_covered": 100.0, "percent_statements_covered_display": "100"}, "missing_lines": [], "excluded_lines": [], "start_line": 207}, "compute_prunable": {"executed_lines": [290, 292, 293, 294, 295, 297, 298, 299, 300, 301, 302, 303, 304], "summary": {"covered_lines": 13, "num_statements": 14, "percent_covered": 92.85714285714286, "percent_covered_display": "93", "missing_lines": 1, "excluded_lines": 0, "percent_statements_covered": 92.85714285714286, "percent_statements_covered_display": "93"}, "missing_lines": [296], "excluded_lines": [], "start_line": 259}, "": {"executed_lines": [3, 5, 6, 7, 8, 20, 21, 23, 40, 41, 44, 45, 46, 60, 72, 77, 84, 101, 133, 175, 207, 259], "summary": {"covered_lines": 22, "num_statements": 22, "percent_covered": 100.0, "percent_covered_display": "100", "missing_lines": 0, "excluded_lines": 8, "percent_statements_covered": 100.0, "percent_statements_covered_display": "100"}, "missing_lines": [], "excluded_lines": [10, 11, 26, 28, 29, 30, 31, 32], "start_line": 1}}, "classes": {"BuildKey": {"executed_lines": [], "summary": {"covered_lines": 0, "num_statements": 0, "percent_covered": 100.0, "percent_covered_display": "100", "missing_lines": 0, "excluded_lines": 0, "percent_statements_covered": 100.0, "percent_statements_covered_display": "100"}, "missing_lines": [], "excluded_lines": [], "start_line": 41}, "": {"executed_lines": [3, 5, 6, 7, 8, 20, 21, 23, 24, 40, 41, 44, 45, 46, 60, 72, 74, 77, 79, 80, 81, 84, 90, 91, 92, 93, 94, 95, 96, 98, 101, 106, 107, 108, 109, 110, 111, 117, 118, 120, 121, 122, 123, 125, 133, 155, 157, 158, 159, 160, 161, 164, 165, 166, 167, 175, 185, 186, 189, 190, 191, 192, 193, 195, 196, 197, 198, 199, 207, 233, 235, 236, 239, 243, 248, 249, 251, 259, 290, 292, 293, 294, 295, 297, 298, 299, 300, 301, 302, 303, 304], "summary": {"covered_lines": 91, "num_statements": 95, "percent_covered": 95.78947368421052, "percent_covered_display": "96", "missing_lines": 4, "excluded_lines": 8, "percent_statements_covered": 95.78947368421052, "percent_statements_covered_display": "96"}, "missing_lines": [97, 119, 124, 296], "excluded_lines": [10, 11, 26, 28, 29, 30, 31, 32], "start_line": 1}}}, "src/vgpu_driver_operator/registry.py": {"executed_lines": [13, 15, 16, 17, 18, 19, 20, 22, 29, 37, 38, 40, 43, 47, 55, 64, 70, 73, 74, 76, 77, 79, 80, 83, 96, 99, 100, 103, 104, 105, 111, 113, 115, 117, 119, 121, 127, 129, 132, 133, 134, 135, 136, 137, 140, 143, 144, 148, 149, 152, 153, 155, 156, 158, 159, 162, 163, 164, 165, 168, 169, 170, 171, 172, 176, 177, 179, 181, 182, 189, 190, 191, 192, 193, 195, 196, 198, 199, 203, 204, 206, 207, 211, 212, 213, 214, 215, 223, 229, 230, 232, 233, 234, 236, 244, 246, 247, 248, 249, 252, 253, 256, 257, 260, 261, 269, 277, 278, 280, 281, 282, 283, 285, 287, 288, 289, 290, 293, 294, 295, 296, 297, 298, 299, 301, 302, 306, 307, 308, 309, 312, 314, 315, 317, 322, 334, 335, 337, 338, 340, 341, 343, 344, 346, 347, 351, 352, 353, 354, 356, 357, 359, 361, 364, 378, 379, 381, 382, 383, 387, 388, 389, 390, 392, 393, 394, 395, 398, 400, 402, 403, 404, 405, 406, 407, 408, 409, 410, 411, 414, 415, 416, 417, 418, 419, 421, 422, 423, 424, 426, 427, 428, 431, 432, 434, 435, 436, 437, 439, 440, 441, 443, 444, 445, 446, 449, 465, 466, 468, 469, 471, 472, 476, 477, 478, 482, 483, 485, 486, 490, 491, 501, 507, 508, 509, 510, 511, 512, 513, 514, 515, 516, 517], "summary": {"covered_lines": 233, "num_statements": 249, "percent_covered": 93.57429718875503, "percent_covered_display": "94", "missing_lines": 16, "excluded_lines": 0, "percent_statements_covered": 93.57429718875503, "percent_statements_covered_display": "94"}, "missing_lines": [138, 139, 145, 146, 173, 174, 200, 201, 310, 311, 384, 385, 412, 413, 429, 430], "excluded_lines": [], "functions": {"_TokenCache.__init__": {"executed_lines": [74], "summary": {"covered_lines": 1, "num_statements": 1, "percent_covered": 100.0, "percent_covered_display": "100", "missing_lines": 0, "excluded_lines": 0, "percent_statements_covered": 100.0, "percent_statements_covered_display": "100"}, "missing_lines": [], "excluded_lines": [], "start_line": 73}, "_TokenCache.get": {"executed_lines": [77], "summary": {"covered_lines": 1, "num_statements": 1, "percent_covered": 100.0, "percent_covered_display": "100", "missing_lines": 0, "excluded_lines": 0, "percent_statements_covered": 100.0, "percent_statements_covered_display": "100"}, "missing_lines": [], "excluded_lines": [], "start_line": 76}, "_TokenCache.set": {"executed_lines": [80], "summary": {"covered_lines": 1, "num_statements": 1, "percent_covered": 100.0, "percent_covered_display": "100", "missing_lines": 0, "excluded_lines": 0, "percent_statements_covered": 100.0, "percent_statements_covered_display": "100"}, "missing_lines": [], "excluded_lines": [], "start_line": 79}, "_RegistrySession.__init__": {"executed_lines": [99, 100, 103, 104, 105], "summary": {"covered_lines": 5, "num_statements": 5, "percent_covered": 100.0, "percent_covered_display": "100", "missing_lines": 0, "excluded_lines": 0, "percent_statements_covered": 100.0, "percent_statements_covered_display": "100"}, "missing_lines": [], "excluded_lines": [], "start_line": 96}, "_RegistrySession.get": {"executed_lines": [113], "summary": {"covered_lines": 1, "num_statements": 1, "percent_covered": 100.0, "percent_covered_display": "100", "missing_lines": 0, "excluded_lines": 0, "percent_statements_covered": 100.0, "percent_statements_covered_display": "100"}, "missing_lines": [], "excluded_lines": [], "start_line": 111}, "_RegistrySession.head": {"executed_lines": [117], "summary": {"covered_lines": 1, "num_statements": 1, "percent_covered": 100.0, "percent_covered_display": "100", "missing_lines": 0, "excluded_lines": 0, "percent_statements_covered": 100.0, "percent_statements_covered_display": "100"}, "missing_lines": [], "excluded_lines": [], "start_line": 115}, "_RegistrySession.delete": {"executed_lines": [121], "summary": {"covered_lines": 1, "num_statements": 1, "percent_covered": 100.0, "percent_covered_display": "100", "missing_lines": 0, "excluded_lines": 0, "percent_statements_covered": 100.0, "percent_statements_covered_display": "100"}, "missing_lines": [], "excluded_lines": [], "start_line": 119}, "_RegistrySession._request": {"executed_lines": [129, 132, 133, 134, 135, 136, 137, 140, 143, 144, 148, 149, 152, 153, 155, 156, 158, 159, 162, 163, 164, 165, 168, 169, 170, 171, 172, 176, 177, 179], "summary": {"covered_lines": 30, "num_statements": 36, "percent_covered": 83.33333333333333, "percent_covered_display": "83", "missing_lines": 6, "excluded_lines": 0, "percent_statements_covered": 83.33333333333333, "percent_statements_covered_display": "83"}, "missing_lines": [138, 139, 145, 146, 173, 174], "excluded_lines": [], "start_line": 127}, "_RegistrySession._fetch_token": {"executed_lines": [189, 190, 191, 192, 193, 195, 196, 198, 199, 203, 204, 206, 207, 211, 212, 213, 214, 215], "summary": {"covered_lines": 18, "num_statements": 20, "percent_covered": 90.0, "percent_covered_display": "90", "missing_lines": 2, "excluded_lines": 0, "percent_statements_covered": 90.0, "percent_statements_covered_display": "90"}, "missing_lines": [200, 201], "excluded_lines": [], "start_line": 182}, "_parse_www_authenticate": {"executed_lines": [229, 230, 232, 236], "summary": {"covered_lines": 4, "num_statements": 4, "percent_covered": 100.0, "percent_covered_display": "100", "missing_lines": 0, "excluded_lines": 0, "percent_statements_covered": 100.0, "percent_statements_covered_display": "100"}, "missing_lines": [], "excluded_lines": [], "start_line": 223}, "_parse_www_authenticate._extract": {"executed_lines": [233, 234], "summary": {"covered_lines": 2, "num_statements": 2, "percent_covered": 100.0, "percent_covered_display": "100", "missing_lines": 0, "excluded_lines": 0, "percent_statements_covered": 100.0, "percent_statements_covered_display": "100"}, "missing_lines": [], "excluded_lines": [], "start_line": 232}, "_split_repository": {"executed_lines": [246, 247, 248, 249], "summary": {"covered_lines": 4, "num_statements": 4, "percent_covered": 100.0, "percent_covered_display": "100", "missing_lines": 0, "excluded_lines": 0, "percent_statements_covered": 100.0, "percent_statements_covered_display": "100"}, "missing_lines": [], "excluded_lines": [], "start_line": 244}, "_manifests_url": {"executed_lines": [253], "summary": {"covered_lines": 1, "num_statements": 1, "percent_covered": 100.0, "percent_covered_display": "100", "missing_lines": 0, "excluded_lines": 0, "percent_statements_covered": 100.0, "percent_statements_covered_display": "100"}, "missing_lines": [], "excluded_lines": [], "start_line": 252}, "_blobs_url": {"executed_lines": [257], "summary": {"covered_lines": 1, "num_statements": 1, "percent_covered": 100.0, "percent_covered_display": "100", "missing_lines": 0, "excluded_lines": 0, "percent_statements_covered": 100.0, "percent_statements_covered_display": "100"}, "missing_lines": [], "excluded_lines": [], "start_line": 256}, "_tags_url": {"executed_lines": [261], "summary": {"covered_lines": 1, "num_statements": 1, "percent_covered": 100.0, "percent_covered_display": "100", "missing_lines": 0, "excluded_lines": 0, "percent_statements_covered": 100.0, "percent_statements_covered_display": "100"}, "missing_lines": [], "excluded_lines": [], "start_line": 260}, "parse_dockerconfigjson": {"executed_lines": [277, 278, 280, 281, 282, 283, 285, 287, 293, 294, 295, 296, 297, 298, 299, 301, 302, 306, 307, 308, 309, 312, 314, 315, 317], "summary": {"covered_lines": 25, "num_statements": 27, "percent_covered": 92.5925925925926, "percent_covered_display": "93", "missing_lines": 2, "excluded_lines": 0, "percent_statements_covered": 92.5925925925926, "percent_statements_covered_display": "93"}, "missing_lines": [310, 311], "excluded_lines": [], "start_line": 269}, "parse_dockerconfigjson._normalise": {"executed_lines": [288, 289, 290], "summary": {"covered_lines": 3, "num_statements": 3, "percent_covered": 100.0, "percent_covered_display": "100", "missing_lines": 0, "excluded_lines": 0, "percent_statements_covered": 100.0, "percent_statements_covered_display": "100"}, "missing_lines": [], "excluded_lines": [], "start_line": 287}, "list_tags": {"executed_lines": [334, 335, 337, 338, 340, 341, 343, 344, 346, 347, 351, 352, 353, 354, 356, 357, 359, 361], "summary": {"covered_lines": 18, "num_statements": 18, "percent_covered": 100.0, "percent_covered_display": "100", "missing_lines": 0, "excluded_lines": 0, "percent_statements_covered": 100.0, "percent_statements_covered_display": "100"}, "missing_lines": [], "excluded_lines": [], "start_line": 322}, "tag_created_at": {"executed_lines": [378, 379, 381, 382, 383, 387, 388, 389, 390, 392, 393, 394, 395, 398, 400, 402, 403, 404, 405, 406, 407, 408, 409, 410, 411, 414, 415, 416, 417, 418, 419, 421, 422, 423, 424, 426, 427, 428, 431, 432, 434, 435, 436, 437, 439, 440, 441, 443, 444, 445, 446], "summary": {"covered_lines": 51, "num_statements": 57, "percent_covered": 89.47368421052632, "percent_covered_display": "89", "missing_lines": 6, "excluded_lines": 0, "percent_statements_covered": 89.47368421052632, "percent_statements_covered_display": "89"}, "missing_lines": [384, 385, 412, 413, 429, 430], "excluded_lines": [], "start_line": 364}, "delete_tag": {"executed_lines": [465, 466, 468, 469, 471, 472, 476, 477, 478, 482, 483, 485, 486, 490, 491], "summary": {"covered_lines": 15, "num_statements": 15, "percent_covered": 100.0, "percent_covered_display": "100", "missing_lines": 0, "excluded_lines": 0, "percent_statements_covered": 100.0, "percent_statements_covered_display": "100"}, "missing_lines": [], "excluded_lines": [], "start_line": 449}, "_parse_link_next": {"executed_lines": [507, 508, 509, 510, 511, 512, 513, 514, 515, 516, 517], "summary": {"covered_lines": 11, "num_statements": 11, "percent_covered": 100.0, "percent_covered_display": "100", "missing_lines": 0, "excluded_lines": 0, "percent_statements_covered": 100.0, "percent_statements_covered_display": "100"}, "missing_lines": [], "excluded_lines": [], "start_line": 501}, "": {"executed_lines": [13, 15, 16, 17, 18, 19, 20, 22, 29, 37, 38, 40, 43, 47, 55, 64, 70, 73, 76, 79, 83, 96, 111, 115, 119, 127, 181, 182, 223, 244, 252, 256, 260, 269, 322, 364, 449, 501], "summary": {"covered_lines": 38, "num_statements": 38, "percent_covered": 100.0, "percent_covered_display": "100", "missing_lines": 0, "excluded_lines": 0, "percent_statements_covered": 100.0, "percent_statements_covered_display": "100"}, "missing_lines": [], "excluded_lines": [], "start_line": 1}}, "classes": {"RegistryAuth": {"executed_lines": [], "summary": {"covered_lines": 0, "num_statements": 0, "percent_covered": 100.0, "percent_covered_display": "100", "missing_lines": 0, "excluded_lines": 0, "percent_statements_covered": 100.0, "percent_statements_covered_display": "100"}, "missing_lines": [], "excluded_lines": [], "start_line": 29}, "RegistryError": {"executed_lines": [], "summary": {"covered_lines": 0, "num_statements": 0, "percent_covered": 100.0, "percent_covered_display": "100", "missing_lines": 0, "excluded_lines": 0, "percent_statements_covered": 100.0, "percent_statements_covered_display": "100"}, "missing_lines": [], "excluded_lines": [], "start_line": 43}, "TagDeletionDisabled": {"executed_lines": [], "summary": {"covered_lines": 0, "num_statements": 0, "percent_covered": 100.0, "percent_covered_display": "100", "missing_lines": 0, "excluded_lines": 0, "percent_statements_covered": 100.0, "percent_statements_covered_display": "100"}, "missing_lines": [], "excluded_lines": [], "start_line": 47}, "_TokenCache": {"executed_lines": [74, 77, 80], "summary": {"covered_lines": 3, "num_statements": 3, "percent_covered": 100.0, "percent_covered_display": "100", "missing_lines": 0, "excluded_lines": 0, "percent_statements_covered": 100.0, "percent_statements_covered_display": "100"}, "missing_lines": [], "excluded_lines": [], "start_line": 70}, "_RegistrySession": {"executed_lines": [99, 100, 103, 104, 105, 113, 117, 121, 129, 132, 133, 134, 135, 136, 137, 140, 143, 144, 148, 149, 152, 153, 155, 156, 158, 159, 162, 163, 164, 165, 168, 169, 170, 171, 172, 176, 177, 179, 189, 190, 191, 192, 193, 195, 196, 198, 199, 203, 204, 206, 207, 211, 212, 213, 214, 215], "summary": {"covered_lines": 56, "num_statements": 64, "percent_covered": 87.5, "percent_covered_display": "88", "missing_lines": 8, "excluded_lines": 0, "percent_statements_covered": 87.5, "percent_statements_covered_display": "88"}, "missing_lines": [138, 139, 145, 146, 173, 174, 200, 201], "excluded_lines": [], "start_line": 83}, "": {"executed_lines": [13, 15, 16, 17, 18, 19, 20, 22, 29, 37, 38, 40, 43, 47, 55, 64, 70, 73, 76, 79, 83, 96, 111, 115, 119, 127, 181, 182, 223, 229, 230, 232, 233, 234, 236, 244, 246, 247, 248, 249, 252, 253, 256, 257, 260, 261, 269, 277, 278, 280, 281, 282, 283, 285, 287, 288, 289, 290, 293, 294, 295, 296, 297, 298, 299, 301, 302, 306, 307, 308, 309, 312, 314, 315, 317, 322, 334, 335, 337, 338, 340, 341, 343, 344, 346, 347, 351, 352, 353, 354, 356, 357, 359, 361, 364, 378, 379, 381, 382, 383, 387, 388, 389, 390, 392, 393, 394, 395, 398, 400, 402, 403, 404, 405, 406, 407, 408, 409, 410, 411, 414, 415, 416, 417, 418, 419, 421, 422, 423, 424, 426, 427, 428, 431, 432, 434, 435, 436, 437, 439, 440, 441, 443, 444, 445, 446, 449, 465, 466, 468, 469, 471, 472, 476, 477, 478, 482, 483, 485, 486, 490, 491, 501, 507, 508, 509, 510, 511, 512, 513, 514, 515, 516, 517], "summary": {"covered_lines": 174, "num_statements": 182, "percent_covered": 95.6043956043956, "percent_covered_display": "96", "missing_lines": 8, "excluded_lines": 0, "percent_statements_covered": 95.6043956043956, "percent_statements_covered_display": "96"}, "missing_lines": [310, 311, 384, 385, 412, 413, 429, 430], "excluded_lines": [], "start_line": 1}}}}, "totals": {"covered_lines": 705, "num_statements": 998, "percent_covered": 70.64128256513025, "percent_covered_display": "71", "missing_lines": 293, "excluded_lines": 9, "percent_statements_covered": 70.64128256513025, "percent_statements_covered_display": "71"}}